TN:
SF:/Volumes/fiverr_dev/modules/autocomplete/dist/js/autocomplete.js
FN:6,Autocomplete
FN:9,(anonymous_2)
FN:22,(anonymous_3)
FN:29,(anonymous_4)
FN:33,(anonymous_5)
FN:37,(anonymous_6)
FN:47,(anonymous_7)
FNF:7
FNH:3
FNDA:3,Autocomplete
FNDA:2,(anonymous_2)
FNDA:0,(anonymous_3)
FNDA:0,(anonymous_4)
FNDA:2,(anonymous_5)
FNDA:0,(anonymous_6)
FNDA:0,(anonymous_7)
DA:3,1
DA:4,1
DA:6,1
DA:7,3
DA:9,3
DA:10,2
DA:11,2
DA:12,2
DA:13,2
DA:15,2
DA:17,2
DA:18,2
DA:19,2
DA:22,3
DA:23,0
DA:26,0
DA:29,3
DA:30,0
DA:33,3
DA:34,2
DA:37,3
DA:38,0
DA:40,0
DA:42,0
DA:43,0
DA:47,3
DA:48,0
DA:50,0
DA:54,1
LF:29
LH:20
BRDA:38,1,0,0
BRDA:38,1,1,0
BRDA:42,2,0,0
BRDA:42,2,1,0
BRDA:48,3,0,0
BRDA:48,3,1,0
BRF:6
BRH:0
end_of_record
TN:
SF:/Volumes/fiverr_dev/modules/autocomplete/dist/js/utils/dataUtils.js
FN:7,getAutocompleteOptions
FN:12,(anonymous_2)
FN:24,getServiceUrl
FN:38,getInputVal
FNF:4
FNH:4
FNDA:9,getAutocompleteOptions
FNDA:9,(anonymous_2)
FNDA:9,getServiceUrl
FNDA:1,getInputVal
DA:3,1
DA:7,1
DA:8,9
DA:10,9
DA:11,9
DA:12,9
DA:13,9
DA:15,9
DA:16,9
DA:17,9
DA:18,9
DA:19,9
DA:21,9
DA:24,1
DA:26,9
DA:35,9
DA:38,1
DA:39,1
DA:42,1
LF:19
LH:19
BRDA:26,1,0,9
BRDA:26,1,1,0
BRDA:27,2,0,9
BRDA:27,2,1,0
BRDA:31,3,0,9
BRDA:31,3,1,0
BRDA:32,4,0,9
BRDA:32,4,1,0
BRF:8
BRH:4
end_of_record
TN:
SF:/Volumes/fiverr_dev/modules/autocomplete/dist/js/utils/index.js
FNF:0
FNH:0
DA:3,1
LF:1
LH:1
BRF:0
BRH:0
end_of_record
TN:
SF:/Volumes/fiverr_dev/modules/autocomplete/dist/js/utils/pluginUtils.js
FN:6,setSearchType
FN:10,getSearchType
FN:14,handleAjaxResults
FN:24,(anonymous_4)
FN:34,handleBeforeRender
FNF:5
FNH:5
FNDA:9,setSearchType
FNDA:3,getSearchType
FNDA:10,handleAjaxResults
FNDA:36,(anonymous_4)
FNDA:4,handleBeforeRender
DA:3,1
DA:4,1
DA:6,1
DA:7,9
DA:10,1
DA:11,3
DA:14,1
DA:16,10
DA:18,10
DA:19,6
DA:22,4
DA:24,8
DA:25,36
DA:28,8
DA:31,4
DA:34,1
DA:36,4
DA:39,1
LF:18
LH:18
BRDA:18,1,0,6
BRDA:18,1,1,4
BRF:2
BRH:2
end_of_record
