TN:
SF:/Volumes/fiverr_dev/modules/autocomplete/dist/js/autocomplete.js
FN:6,Autocomplete
FN:9,(anonymous_2)
FN:30,(anonymous_3)
FN:37,(anonymous_4)
FN:41,(anonymous_5)
FN:45,(anonymous_6)
FN:49,(anonymous_7)
FN:59,(anonymous_8)
FN:64,(anonymous_9)
FN:69,(anonymous_10)
FNF:10
FNH:3
FNDA:3,Autocomplete
FNDA:2,(anonymous_2)
FNDA:0,(anonymous_3)
FNDA:0,(anonymous_4)
FNDA:0,(anonymous_5)
FNDA:2,(anonymous_6)
FNDA:0,(anonymous_7)
FNDA:0,(anonymous_8)
FNDA:0,(anonymous_9)
FNDA:0,(anonymous_10)
DA:3,1
DA:4,1
DA:6,1
DA:7,3
DA:9,3
DA:10,2
DA:11,2
DA:12,2
DA:13,2
DA:14,2
DA:15,2
DA:16,2
DA:17,2
DA:18,2
DA:20,2
DA:21,2
DA:23,2
DA:24,2
DA:25,2
DA:27,2
DA:30,3
DA:31,0
DA:34,0
DA:37,3
DA:38,0
DA:41,3
DA:42,0
DA:45,3
DA:46,2
DA:49,3
DA:50,0
DA:52,0
DA:54,0
DA:55,0
DA:59,3
DA:60,0
DA:62,0
DA:64,0
DA:65,0
DA:69,3
DA:70,0
DA:72,0
DA:76,1
LF:43
LH:29
BRDA:15,1,0,2
BRDA:15,1,1,2
BRDA:50,2,0,0
BRDA:50,2,1,0
BRDA:54,3,0,0
BRDA:54,3,1,0
BRDA:60,4,0,0
BRDA:60,4,1,0
BRF:8
BRH:2
end_of_record
TN:
SF:/Volumes/fiverr_dev/modules/autocomplete/dist/js/utils/dataUtils.js
FN:7,getAutocompleteOptions
FN:12,(anonymous_2)
FN:19,(anonymous_3)
FN:29,getServiceUrl
FN:39,getInputVal
FNF:5
FNH:4
FNDA:9,getAutocompleteOptions
FNDA:9,(anonymous_2)
FNDA:0,(anonymous_3)
FNDA:17,getServiceUrl
FNDA:1,getInputVal
DA:3,1
DA:7,1
DA:8,9
DA:10,9
DA:11,9
DA:12,9
DA:13,9
DA:15,9
DA:16,9
DA:17,9
DA:18,9
DA:19,9
DA:20,0
DA:23,9
DA:24,9
DA:26,9
DA:29,1
DA:31,17
DA:36,17
DA:39,1
DA:40,1
DA:43,1
LF:22
LH:21
BRDA:31,1,0,13
BRDA:31,1,1,4
BRDA:33,2,0,13
BRDA:33,2,1,4
BRF:4
BRH:4
end_of_record
TN:
SF:/Volumes/fiverr_dev/modules/autocomplete/dist/js/utils/index.js
FNF:0
FNH:0
DA:3,1
LF:1
LH:1
BRF:0
BRH:0
end_of_record
TN:
SF:/Volumes/fiverr_dev/modules/autocomplete/dist/js/utils/pluginUtils.js
FN:8,setSearchType
FN:13,getSearchType
FN:17,setAlternativeSearchPrefix
FN:22,getAlternativeSearchPrefix
FN:26,getFormAction
FN:42,handleAjaxResults
FN:52,(anonymous_7)
FN:62,handleBeforeRender
FN:74,addSuggestionClasses
FN:83,(anonymous_10)
FN:93,addAlternativeSearch
FN:104,(anonymous_12)
FNF:12
FNH:7
FNDA:9,setSearchType
FNDA:7,getSearchType
FNDA:2,setAlternativeSearchPrefix
FNDA:0,getAlternativeSearchPrefix
FNDA:3,getFormAction
FNDA:10,handleAjaxResults
FNDA:36,(anonymous_7)
FNDA:4,handleBeforeRender
FNDA:0,addSuggestionClasses
FNDA:0,(anonymous_10)
FNDA:0,addAlternativeSearch
FNDA:0,(anonymous_12)
DA:3,1
DA:4,1
DA:8,1
DA:9,9
DA:10,9
DA:13,1
DA:14,7
DA:17,1
DA:18,2
DA:19,2
DA:22,1
DA:23,0
DA:26,1
DA:27,3
DA:33,3
DA:36,3
DA:37,3
DA:39,3
DA:42,1
DA:44,10
DA:46,10
DA:47,6
DA:50,4
DA:52,8
DA:53,36
DA:56,8
DA:59,4
DA:62,1
DA:64,4
DA:65,4
DA:68,0
DA:69,0
DA:71,0
DA:74,1
DA:76,0
DA:78,0
DA:83,0
DA:84,0
DA:85,0
DA:86,0
DA:87,0
DA:89,0
DA:93,1
DA:94,0
DA:104,0
DA:105,0
DA:107,0
DA:109,0
DA:111,0
DA:115,0
DA:118,1
LF:51
LH:32
BRDA:30,1,0,3
BRDA:30,1,1,2
BRDA:31,2,0,3
BRDA:31,2,1,0
BRDA:36,3,0,2
BRDA:36,3,1,1
BRDA:37,4,0,2
BRDA:37,4,1,1
BRDA:46,5,0,6
BRDA:46,5,1,4
BRDA:64,6,0,4
BRDA:64,6,1,0
BRDA:86,7,0,0
BRDA:86,7,1,0
BRDA:87,8,0,0
BRDA:87,8,1,0
BRDA:102,9,0,0
BRDA:102,9,1,0
BRF:18
BRH:10
end_of_record
